<?xml version="1.0" encoding="UTF-8"?>
<!-- Generated by org.testng.reporters.JUnitReportReporter -->
<testsuite hostname="proteanrentnb43" failures="0" tests="1" name="Test_TTS_Withdrawal.Maker_Test" time="25.340" errors="0" timestamp="2023-09-07T17:28:38 IST" skipped="0">
  <testcase classname="Test_TTS_Withdrawal.Maker_Test" name="status_Check" time="25.340"/>
</testsuite> <!-- Test_TTS_Withdrawal.Maker_Test -->
