<?xml version="1.0" encoding="UTF-8"?>
<!-- Generated by org.testng.reporters.JUnitReportReporter -->
<testsuite hostname="proteanrentnb43" failures="0" tests="2" name="Test_deathWithdrawal.Test_DW_GS_20_80" time="160.744" errors="0" timestamp="2023-11-22T16:22:12 IST" skipped="0">
  <testcase classname="Test_deathWithdrawal.Test_DW_GS_20_80" name="testverify" time="46.806"/>
  <testcase classname="Test_deathWithdrawal.Test_DW_GS_20_80" name="Test_20_80_ForScenarioOF_2_3_4_5" time="113.938"/>
</testsuite> <!-- Test_deathWithdrawal.Test_DW_GS_20_80 -->
