<?xml version="1.0" encoding="UTF-8"?>
<!-- Generated by org.testng.reporters.JUnitReportReporter -->
<testsuite hostname="proteanrentnb43" failures="0" tests="6" name="Test_Withdrawal_Page.Test_Submit" time="184.855" errors="0" timestamp="2023-10-06T13:20:57 IST" skipped="3">
  <testcase classname="Test_Withdrawal_Page.Test_Submit" name="testSubmitMethod2" time="6.544"/>
  <testcase classname="Test_Withdrawal_Page.Test_Submit" name="testSubmitMethod" time="6.378"/>
  <testcase classname="Test_Withdrawal_Page.Test_Submit" name="testSubmitMethod" time="54.911">
    <skipped/>
  </testcase> <!-- testSubmitMethod -->
  <testcase classname="Test_Withdrawal_Page.Test_Submit" name="testSubmitMethod2" time="74.999">
    <skipped/>
  </testcase> <!-- testSubmitMethod2 -->
  <testcase classname="Test_Withdrawal_Page.Test_Submit" name="testSubmitMethod1" time="7.202"/>
  <testcase classname="Test_Withdrawal_Page.Test_Submit" name="testSubmitMethod1" time="34.821">
    <skipped/>
  </testcase> <!-- testSubmitMethod1 -->
</testsuite> <!-- Test_Withdrawal_Page.Test_Submit -->
