<?xml version="1.0" encoding="UTF-8"?>
<!-- Generated by org.testng.reporters.JUnitReportReporter -->
<testsuite hostname="proteanrentnb43" failures="0" tests="1" name="Test_deathWithdrawal.Test_DW_Group_Non_Gov_Execution" time="36.614" errors="0" timestamp="2023-11-23T12:25:50 IST" skipped="0">
  <testcase classname="Test_deathWithdrawal.Test_DW_Group_Non_Gov_Execution" name="testverify_No_Annuitant_" time="36.614"/>
</testsuite> <!-- Test_deathWithdrawal.Test_DW_Group_Non_Gov_Execution -->
