<?xml version="1.0" encoding="UTF-8"?>
<!-- Generated by org.testng.reporters.JUnitReportReporter -->
<testsuite hostname="proteanrentnb43" failures="0" tests="1" name="Test_Withdrawal_Page.W2_Test" time="35.909" errors="0" timestamp="2023-10-26T15:25:08 IST" skipped="0">
  <testcase classname="Test_Withdrawal_Page.W2_Test" name="wtest" time="35.909"/>
</testsuite> <!-- Test_Withdrawal_Page.W2_Test -->
