<?xml version="1.0" encoding="UTF-8"?>
<!-- Generated by org.testng.reporters.JUnitReportReporter -->
<testsuite hostname="proteanrentnb43" failures="0" tests="1" name="Test_Trial.Maker_Test" time="21.114" errors="0" timestamp="2023-09-05T15:49:29 IST" skipped="0">
  <testcase classname="Test_Trial.Maker_Test" name="test_1" time="21.114"/>
</testsuite> <!-- Test_Trial.Maker_Test -->
