<?xml version="1.0" encoding="UTF-8"?>
<!-- Generated by org.testng.reporters.JUnitReportReporter -->
<testsuite hostname="proteanrentnb43" failures="0" tests="1" name="Test_deathWithdrawal.Test_E2E_Death_Withdrawal_Non_Gov" time="65.843" errors="0" timestamp="2023-09-13T16:01:30 IST" skipped="0">
  <testcase classname="Test_deathWithdrawal.Test_E2E_Death_Withdrawal_Non_Gov" name="E2E_Test_Non_Gov_100_Lumpsum" time="65.843"/>
</testsuite> <!-- Test_deathWithdrawal.Test_E2E_Death_Withdrawal_Non_Gov -->
