<?xml version="1.0" encoding="UTF-8"?>
<!-- Generated by org.testng.reporters.JUnitReportReporter -->
<testsuite hostname="proteanrentnb43" failures="0" tests="1" name="Test_APY_Withdrawal.Test_Initiate_APY_Request" time="15.714" errors="0" timestamp="2023-12-01T11:54:35 IST" skipped="0">
  <testcase classname="Test_APY_Withdrawal.Test_Initiate_APY_Request" name="initiate_Test" time="15.714"/>
</testsuite> <!-- Test_APY_Withdrawal.Test_Initiate_APY_Request -->
