<?xml version="1.0" encoding="UTF-8"?>
<!-- Generated by org.testng.reporters.JUnitReportReporter -->
<testsuite hostname="proteanrentnb43" failures="0" tests="3" name="Para_Test.P_Trial" time="0.218" errors="0" timestamp="2023-10-06T13:06:54 IST" skipped="0">
  <testcase classname="Para_Test.P_Trial" name="test" time="0.067"/>
  <testcase classname="Para_Test.P_Trial" name="test1" time="0.074"/>
  <testcase classname="Para_Test.P_Trial" name="test2" time="0.077"/>
</testsuite> <!-- Para_Test.P_Trial -->
