<?xml version="1.0" encoding="UTF-8"?>
<!-- Generated by org.testng.reporters.JUnitReportReporter -->
<testsuite hostname="proteanrentnb43" failures="0" tests="1" name="Test_APY_Withdrawal.Test_APY" time="11.789" errors="0" timestamp="2023-11-03T12:17:55 IST" skipped="0">
  <testcase classname="Test_APY_Withdrawal.Test_APY" name="test_APY" time="11.789"/>
</testsuite> <!-- Test_APY_Withdrawal.Test_APY -->
